[2026-07-11 22:18:24] [[32MINFO[39M]: 🚀 Starting server...
[2026-07-11 22:18:24] [[32MINFO[39M]: ✅ MongoDB connected successfully
[2026-07-11 22:18:24] [[32MINFO[39M]: ✅ Server listening on port 4000
[0;36mMongoose:[0m refreshtokens.createIndex({ token: [33m1[39m }, { unique: [33mtrue[39m, background: [33mtrue[39m })
[0;36mMongoose:[0m norms.createIndex({ code: [33m1[39m }, { unique: [33mtrue[39m, background: [33mtrue[39m })
[0;36mMongoose:[0m sites.createIndex({ code: [33m1[39m }, { unique: [33mtrue[39m, background: [33mtrue[39m })
[0;36mMongoose:[0m processes.createIndex({ siteId: [33m1[39m, code: [33m1[39m }, { unique: [33mtrue[39m, background: [33mtrue[39m })
[0;36mMongoose:[0m audits.createIndex({ auditNumber: [33m1[39m }, { unique: [33mtrue[39m, background: [33mtrue[39m })
[0;36mMongoose:[0m auditentries.createIndex({ auditId: [33m1[39m, clauseId: [33m1[39m }, { unique: [33mtrue[39m, background: [33mtrue[39m })
[0;36mMongoose:[0m nonconformities.createIndex({ ncNumber: [33m1[39m }, { unique: [33mtrue[39m, background: [33mtrue[39m })
[0;36mMongoose:[0m correctiveactions.createIndex({ actionNumber: [33m1[39m }, { unique: [33mtrue[39m, background: [33mtrue[39m })
[0;36mMongoose:[0m risks.createIndex({ riskNumber: [33m1[39m }, { unique: [33mtrue[39m, background: [33mtrue[39m })
[0;36mMongoose:[0m risklinks.createIndex({ riskId: [33m1[39m }, { background: [33mtrue[39m })
[0;36mMongoose:[0m legalcompliances.createIndex({ legalRequirementId: [33m1[39m, siteId: [33m1[39m }, { unique: [33mtrue[39m, background: [33mtrue[39m })
[0;36mMongoose:[0m notifications.createIndex({ recipientId: [33m1[39m, status: [33m1[39m }, { background: [33mtrue[39m })
[0;36mMongoose:[0m reports.createIndex({ reportNumber: [33m1[39m }, { unique: [33mtrue[39m, background: [33mtrue[39m })
[0;36mMongoose:[0m refreshtokens.createIndex({ expiresAt: [33m1[39m }, { expireAfterSeconds: [33m0[39m, background: [33mtrue[39m })
[0;36mMongoose:[0m users.createIndex({ email: [33m1[39m }, { unique: [33mtrue[39m, background: [33mtrue[39m })
[0;36mMongoose:[0m sites.createIndex({ isActive: [33m1[39m }, { background: [33mtrue[39m })
[0;36mMongoose:[0m norms.createIndex({ status: [33m1[39m }, { background: [33mtrue[39m })
[0;36mMongoose:[0m processes.createIndex({ siteId: [33m1[39m }, { background: [33mtrue[39m })
[0;36mMongoose:[0m audits.createIndex({ status: [33m1[39m }, { background: [33mtrue[39m })
[0;36mMongoose:[0m auditentries.createIndex({ auditId: [33m1[39m }, { background: [33mtrue[39m })
[0;36mMongoose:[0m nonconformities.createIndex({ auditId: [33m1[39m }, { background: [33mtrue[39m })
[0;36mMongoose:[0m roles.createIndex({ name: [33m1[39m }, { unique: [33mtrue[39m, background: [33mtrue[39m })
[0;36mMongoose:[0m legalcompliances.createIndex({ complianceStatus: [33m1[39m }, { background: [33mtrue[39m })
[0;36mMongoose:[0m risks.createIndex({ status: [33m1[39m }, { background: [33mtrue[39m })
[0;36mMongoose:[0m risklinks.createIndex({ linkedEntityType: [33m1[39m, linkedEntityId: [33m1[39m }, { background: [33mtrue[39m })
[0;36mMongoose:[0m legalrequirements.createIndex({ requirementNumber: [33m1[39m }, { unique: [33mtrue[39m, background: [33mtrue[39m })
[0;36mMongoose:[0m sites.createIndex({ city: [33m1[39m }, { background: [33mtrue[39m })
[0;36mMongoose:[0m notifications.createIndex({ recipientId: [33m1[39m }, { background: [33mtrue[39m })
[0;36mMongoose:[0m users.createIndex({ role: [33m1[39m }, { background: [33mtrue[39m })
[0;36mMongoose:[0m norms.createIndex({ category: [33m1[39m }, { background: [33mtrue[39m })
[0;36mMongoose:[0m processes.createIndex({ category: [33m1[39m }, { background: [33mtrue[39m })
[0;36mMongoose:[0m audits.createIndex({ siteId: [33m1[39m }, { background: [33mtrue[39m })
[0;36mMongoose:[0m auditentries.createIndex({ conformityStatus: [33m1[39m }, { background: [33mtrue[39m })
[0;36mMongoose:[0m nonconformities.createIndex({ status: [33m1[39m }, { background: [33mtrue[39m })
[0;36mMongoose:[0m legalcompliances.createIndex({ siteId: [33m1[39m }, { background: [33mtrue[39m })
[0;36mMongoose:[0m risks.createIndex({ riskLevel: [33m1[39m }, { background: [33mtrue[39m })
[0;36mMongoose:[0m risklinks.createIndex({ linkType: [33m1[39m }, { background: [33mtrue[39m })
[0;36mMongoose:[0m legalrequirements.createIndex({ category: [33m1[39m }, { background: [33mtrue[39m })
[0;36mMongoose:[0m correctiveactions.createIndex({ nonConformityId: [33m1[39m }, { background: [33mtrue[39m })
[0;36mMongoose:[0m notifications.createIndex({ createdAt: [33m-1[39m }, { background: [33mtrue[39m })
[0;36mMongoose:[0m users.createIndex({ isActive: [33m1[39m }, { background: [33mtrue[39m })
[0;36mMongoose:[0m reports.createIndex({ generatedById: [33m1[39m }, { background: [33mtrue[39m })
[0;36mMongoose:[0m nonconformities.createIndex({ severity: [33m1[39m }, { background: [33mtrue[39m })
[0;36mMongoose:[0m legalcompliances.createIndex({ nextReviewDate: [33m1[39m }, { background: [33mtrue[39m })
[0;36mMongoose:[0m risks.createIndex({ siteId: [33m1[39m }, { background: [33mtrue[39m })
[0;36mMongoose:[0m legalrequirements.createIndex({ jurisdiction: [33m1[39m }, { background: [33mtrue[39m })
[0;36mMongoose:[0m correctiveactions.createIndex({ status: [33m1[39m }, { background: [33mtrue[39m })
[0;36mMongoose:[0m users.createIndex({ emailVerificationToken: [33m1[39m }, { background: [33mtrue[39m })
[0;36mMongoose:[0m reports.createIndex({ expiresAt: [33m1[39m }, { expireAfterSeconds: [33m0[39m, background: [33mtrue[39m })
[0;36mMongoose:[0m nonconformities.createIndex({ assignedToId: [33m1[39m }, { background: [33mtrue[39m })
[0;36mMongoose:[0m risks.createIndex({ processId: [33m1[39m }, { background: [33mtrue[39m })
[0;36mMongoose:[0m legalrequirements.createIndex({ effectiveDate: [33m1[39m }, { background: [33mtrue[39m })
[0;36mMongoose:[0m correctiveactions.createIndex({ responsibleId: [33m1[39m }, { background: [33mtrue[39m })
[0;36mMongoose:[0m users.createIndex({ passwordResetToken: [33m1[39m }, { background: [33mtrue[39m })
[0;36mMongoose:[0m reports.createIndex({ type: [33m1[39m }, { background: [33mtrue[39m })
[0;36mMongoose:[0m nonconformities.createIndex({ detectedById: [33m1[39m }, { background: [33mtrue[39m })
[0;36mMongoose:[0m risks.createIndex({ ownerId: [33m1[39m }, { background: [33mtrue[39m })
[0;36mMongoose:[0m sites.createIndex({ country: [33m1[39m }, { background: [33mtrue[39m })
[0;36mMongoose:[0m audits.createIndex({ normId: [33m1[39m }, { background: [33mtrue[39m })
[0;36mMongoose:[0m legalrequirements.createIndex({ responsibleId: [33m1[39m }, { background: [33mtrue[39m })
[0;36mMongoose:[0m correctiveactions.createIndex({ dueDate: [33m1[39m }, { background: [33mtrue[39m })
[0;36mMongoose:[0m reports.createIndex({ status: [33m1[39m }, { background: [33mtrue[39m })
[0;36mMongoose:[0m risks.createIndex({ identifiedById: [33m1[39m }, { background: [33mtrue[39m })
[0;36mMongoose:[0m audits.createIndex({ plannedStartDate: [33m1[39m }, { background: [33mtrue[39m })
[0;36mMongoose:[0m legalrequirements.createIndex({ isActive: [33m1[39m }, { background: [33mtrue[39m })
[0;36mMongoose:[0m audits.createIndex({ leadAuditorId: [33m1[39m }, { background: [33mtrue[39m })
[0mGET /api/health [32m200[0m 1.416 ms - 54[0m
[0;36mMongoose:[0m users.findOne({ email: [32m'malekfhima1@gmail.com'[39m }, {})
[2026-07-11 22:19:40] [[31MERROR[39M]: Error: Invalid credentials
    at AuthService.login (D:\bootcamp\Gestion_Audit\backend\src\modules\auth\auth.service.ts:45:23)
    at async D:\bootcamp\Gestion_Audit\backend\src\modules\auth\auth.controller.ts:11:16
[0mPOST /api/auth/login [33m401[0m 186.240 ms - 308[0m
[0;36mMongoose:[0m refreshtokens.findOne({ token: [1mnull[22m }, {})
[2026-07-11 22:19:40] [[31MERROR[39M]: Error: Invalid refresh token
    at AuthService.refreshTokens (D:\bootcamp\Gestion_Audit\backend\src\modules\auth\auth.service.ts:64:13)
    at processTicksAndRejections (node:internal/process/task_queues:104:5)
    at async D:\bootcamp\Gestion_Audit\backend\src\modules\auth\auth.controller.ts:16:16
[0mPOST /api/auth/refresh [33m401[0m 18.287 ms - 396[0m
